TN:
SF:/home/runner/work/raccoon/raccoon/src/auxkernels/ConditionalBoundsAux.C
FN:6,_ZN20ConditionalBoundsAux11validParamsEv
FN:21,_ZN20ConditionalBoundsAuxC2ERK15InputParameters
FN:29,_ZN20ConditionalBoundsAux8getBoundEv
FNDA:126,_ZN20ConditionalBoundsAux11validParamsEv
FNDA:41475,_ZN20ConditionalBoundsAux8getBoundEv
FNDA:2,_ZN20ConditionalBoundsAuxC2ERK15InputParameters
FNF:3
FNH:3
DA:6,126
DA:8,126
DA:9,126
DA:13,252
DA:14,252
DA:16,252
DA:17,126
DA:18,126
DA:21,2
DA:23,6
DA:24,6
DA:26,2
DA:29,41475
DA:32,41475
DA:33,41475
DA:35,0
DA:36,41475
DA:39,40650
LF:18
LH:17
end_of_record
TN:
SF:/home/runner/work/raccoon/raccoon/src/base/raccoonApp.C
FN:13,_ZN10raccoonApp11validParamsEv
FN:22,_ZN10raccoonAppC2E15InputParameters
FN:27,_ZN10raccoonAppD0Ev
FN:27,_ZN10raccoonAppD2Ev
FN:30,_ZN10raccoonApp11registerAllER7FactoryR13ActionFactoryR6Syntax
FN:38,_ZN10raccoonApp12registerAppsEv
FN:47,raccoonApp__registerAll
FN:52,raccoonApp__registerApps
FNDA:65,_ZN10raccoonApp11validParamsEv
FNDA:0,raccoonApp__registerAll
FNDA:0,raccoonApp__registerApps
FNDA:0,_ZN10raccoonAppC2E15InputParameters
FNDA:65,_ZN10raccoonApp11registerAllER7FactoryR13ActionFactoryR6Syntax
FNDA:0,_ZN10raccoonAppD2Ev
FNDA:0,_ZN10raccoonAppD0Ev
FNDA:41,_ZN10raccoonApp12registerAppsEv
FNF:8
FNH:3
DA:13,65
DA:15,65
DA:16,65
DA:17,65
DA:18,65
DA:19,65
DA:22,0
DA:24,0
DA:25,0
DA:27,0
DA:30,65
DA:32,65
DA:33,195
DA:34,195
DA:35,65
DA:38,41
DA:40,41
DA:41,41
DA:47,0
DA:49,0
DA:50,0
DA:52,0
DA:54,0
DA:55,0
LF:24
LH:14
end_of_record
TN:
SF:/home/runner/work/raccoon/raccoon/src/bcs/LoadingUnloadingDirichletBC.C
FN:10,_ZN27LoadingUnloadingDirichletBC11validParamsEv
FN:35,_ZN27LoadingUnloadingDirichletBCC2ERK15InputParameters
FN:48,_ZN27LoadingUnloadingDirichletBC13timestepSetupEv
FN:89,_ZN27LoadingUnloadingDirichletBC14computeQpValueEv
FNDA:122,_ZN27LoadingUnloadingDirichletBC11validParamsEv
FNDA:0,_ZN27LoadingUnloadingDirichletBC14computeQpValueEv
FNDA:0,_ZN27LoadingUnloadingDirichletBCC2ERK15InputParameters
FNDA:0,_ZN27LoadingUnloadingDirichletBC13timestepSetupEv
FNF:4
FNH:1
DA:10,122
DA:12,122
DA:13,122
DA:19,244
DA:23,244
DA:25,244
DA:26,244
DA:28,244
DA:32,122
DA:35,0
DA:38,0
DA:39,0
DA:40,0
DA:41,0
DA:42,0
DA:43,0
DA:45,0
DA:48,0
DA:50,0
DA:51,0
DA:52,0
DA:54,0
DA:55,0
DA:56,0
DA:59,0
DA:61,0
DA:62,0
DA:64,0
DA:65,0
DA:66,0
DA:67,0
DA:68,0
DA:69,0
DA:70,0
DA:75,0
DA:78,0
DA:79,0
DA:80,0
DA:82,0
DA:83,0
DA:85,0
DA:86,0
DA:89,0
DA:91,0
LF:44
LH:9
end_of_record
TN:
SF:/home/runner/work/raccoon/raccoon/src/bcs/ModeISurfingDirichletBC.C
FN:10,_ZN23ModeISurfingDirichletBC11validParamsEv
FN:30,_ZN23ModeISurfingDirichletBCC2ERK15InputParameters
FN:42,_ZN23ModeISurfingDirichletBC17computeQpResidualEv
FNDA:0,_ZN23ModeISurfingDirichletBC17computeQpResidualEv
FNDA:122,_ZN23ModeISurfingDirichletBC11validParamsEv
FNDA:0,_ZN23ModeISurfingDirichletBCC2ERK15InputParameters
FNF:3
FNH:1
DA:10,122
DA:12,122
DA:13,122
DA:18,122
DA:19,122
DA:20,122
DA:21,122
DA:23,244
DA:24,244
DA:25,244
DA:26,244
DA:27,122
DA:30,0
DA:32,0
DA:33,0
DA:34,0
DA:35,0
DA:36,0
DA:37,0
DA:39,0
DA:42,0
DA:44,0
DA:45,0
DA:46,0
DA:48,0
DA:49,0
DA:50,0
DA:51,0
DA:52,0
DA:53,0
DA:54,0
DA:55,0
DA:56,0
DA:58,0
DA:59,0
DA:60,0
DA:61,0
DA:62,0
DA:63,0
LF:39
LH:12
end_of_record
TN:
SF:/home/runner/work/raccoon/raccoon/src/ics/BrittleDamageIC.C
FN:10,_ZN15BrittleDamageIC11validParamsEv
FN:22,_ZN15BrittleDamageICC2ERK15InputParameters
FN:28,_ZN15BrittleDamageIC5valueERKN7libMesh5PointE
FNDA:0,_ZN15BrittleDamageICC2ERK15InputParameters
FNDA:122,_ZN15BrittleDamageIC11validParamsEv
FNDA:0,_ZN15BrittleDamageIC5valueERKN7libMesh5PointE
FNF:3
FNH:1
DA:10,122
DA:12,122
DA:13,122
DA:17,244
DA:18,244
DA:19,122
DA:22,0
DA:23,0
DA:25,0
DA:28,0
DA:30,0
DA:32,0
DA:33,0
DA:34,0
DA:36,0
DA:38,0
LF:16
LH:6
end_of_record
TN:
SF:/home/runner/work/raccoon/raccoon/src/ics/CohesiveDamageIC.C
FN:10,_ZN16CohesiveDamageIC11validParamsEv
FN:20,_ZN16CohesiveDamageICC2ERK15InputParameters
FN:23,_ZN16CohesiveDamageIC5valueERKN7libMesh5PointE
FNDA:0,_ZN16CohesiveDamageIC5valueERKN7libMesh5PointE
FNDA:122,_ZN16CohesiveDamageIC11validParamsEv
FNDA:0,_ZN16CohesiveDamageICC2ERK15InputParameters
FNF:3
FNH:1
DA:10,122
DA:12,122
DA:13,122
DA:17,122
DA:20,0
DA:23,0
DA:25,0
DA:27,0
DA:28,0
DA:29,0
DA:31,0
DA:33,0
LF:12
LH:4
end_of_record
TN:
SF:/home/runner/work/raccoon/raccoon/src/ics/DamageICBase.C
FN:8,_ZN12DamageICBase11validParamsEv
FN:22,_ZN12DamageICBaseC2ERK15InputParameters
FN:41,_ZN12DamageICBase4distERKN7libMesh5PointE
FNDA:0,_ZN12DamageICBaseC2ERK15InputParameters
FNDA:0,_ZN12DamageICBase4distERKN7libMesh5PointE
FNDA:244,_ZN12DamageICBase11validParamsEv
FNF:3
FNH:1
DA:8,244
DA:11,488
DA:12,488
DA:13,488
DA:14,488
DA:15,488
DA:16,488
DA:17,488
DA:18,488
DA:19,244
DA:22,0
DA:30,0
DA:31,0
DA:38,0
DA:41,0
DA:44,0
DA:49,0
DA:54,0
DA:55,0
DA:56,0
DA:63,0
DA:64,0
DA:65,0
DA:67,0
DA:68,0
DA:72,0
DA:73,0
DA:74,0
DA:79,0
DA:83,0
LF:30
LH:10
end_of_record
TN:
SF:/home/runner/work/raccoon/raccoon/src/interfaces/BaseNameInterface.C
FN:8,_ZN17BaseNameInterface11validParamsEv
FN:18,_ZN17BaseNameInterfaceC2ERK15InputParameters
FN:25,_ZNK17BaseNameInterface15prependBaseNameE20MaterialPropertyNameb
FN:33,_ZNK17BaseNameInterface15prependBaseNameERKSt6vectorI20MaterialPropertyNameSaIS1_EE
FNDA:4246,_ZN17BaseNameInterface11validParamsEv
FNDA:422,_ZN17BaseNameInterfaceC2ERK15InputParameters
FNDA:48,_ZNK17BaseNameInterface15prependBaseNameERKSt6vectorI20MaterialPropertyNameSaIS1_EE
FNDA:1566,_ZNK17BaseNameInterface15prependBaseNameE20MaterialPropertyNameb
FNF:4
FNH:4
DA:8,4246
DA:10,4246
DA:11,8492
DA:15,4246
DA:18,422
DA:20,422
DA:22,422
DA:25,1566
DA:27,1566
DA:28,1758
DA:29,1374
DA:33,48
DA:36,51
DA:37,6
DA:38,48
LF:15
LH:15
end_of_record
TN:
SF:/home/runner/work/raccoon/raccoon/src/kernels/ADCoefMatDiffusion.C
FN:10,_ZN18ADCoefMatDiffusion11validParamsEv
FN:22,_ZN18ADCoefMatDiffusionC2ERK15InputParameters
FN:34,_ZN18ADCoefMatDiffusion17computeQpResidualEv
FNDA:0,_ZN18ADCoefMatDiffusionC2ERK15InputParameters
FNDA:122,_ZN18ADCoefMatDiffusion11validParamsEv
FNDA:0,_ZN18ADCoefMatDiffusion17computeQpResidualEv
FNF:3
FNH:1
DA:10,122
DA:12,122
DA:13,122
DA:16,244
DA:17,244
DA:19,122
DA:22,0
DA:24,0
DA:25,0
DA:26,0
DA:28,0
DA:29,0
DA:30,0
DA:31,0
DA:34,0
DA:36,0
DA:37,0
DA:38,0
DA:40,0
DA:42,0
LF:20
LH:6
end_of_record
TN:
SF:/home/runner/work/raccoon/raccoon/src/kernels/ADCoefMatReaction.C
FN:10,_ZN17ADCoefMatReaction11validParamsEv
FN:22,_ZN17ADCoefMatReactionC2ERK15InputParameters
FN:34,_ZN17ADCoefMatReaction20precomputeQpResidualEv
FNDA:126,_ZN17ADCoefMatReaction11validParamsEv
FNDA:2,_ZN17ADCoefMatReactionC2ERK15InputParameters
FNDA:5600000,_ZN17ADCoefMatReaction20precomputeQpResidualEv
FNF:3
FNH:3
DA:10,126
DA:12,126
DA:13,126
DA:16,252
DA:17,252
DA:19,126
DA:22,2
DA:24,6
DA:25,2
DA:26,6
DA:28,2
DA:29,4
DA:30,2
DA:31,2
DA:34,5600000
DA:36,5600000
DA:37,11200000
DA:38,5600000
DA:39,11200000
LF:19
LH:19
end_of_record
TN:
SF:/home/runner/work/raccoon/raccoon/src/kernels/ADCoefMatSource.C
FN:10,_ZN15ADCoefMatSource11validParamsEv
FN:21,_ZN15ADCoefMatSourceC2ERK15InputParameters
FN:33,_ZN15ADCoefMatSource20precomputeQpResidualEv
FNDA:5,_ZN15ADCoefMatSourceC2ERK15InputParameters
FNDA:132,_ZN15ADCoefMatSource11validParamsEv
FNDA:342952,_ZN15ADCoefMatSource20precomputeQpResidualEv
FNF:3
FNH:3
DA:10,132
DA:12,132
DA:13,132
DA:15,264
DA:16,264
DA:18,132
DA:21,5
DA:23,15
DA:24,5
DA:25,15
DA:27,5
DA:28,10
DA:29,5
DA:30,5
DA:33,342952
DA:35,342952
DA:36,685904
DA:37,342952
DA:39,342952
LF:19
LH:19
end_of_record
TN:
SF:/home/runner/work/raccoon/raccoon/src/kernels/ADPFFDiffusion.C
FN:10,_ZN14ADPFFDiffusion11validParamsEv
FN:26,_ZN14ADPFFDiffusionC2ERK15InputParameters
FN:36,_ZN14ADPFFDiffusion17computeQpResidualEv
FNDA:23773112,_ZN14ADPFFDiffusion17computeQpResidualEv
FNDA:26,_ZN14ADPFFDiffusionC2ERK15InputParameters
FNDA:174,_ZN14ADPFFDiffusion11validParamsEv
FNF:3
FNH:3
DA:10,174
DA:12,174
DA:13,174
DA:14,174
DA:17,348
DA:19,348
DA:21,348
DA:23,174
DA:26,26
DA:29,52
DA:30,52
DA:31,130
DA:33,26
DA:36,23773112
DA:38,23773112
DA:40,47546224
LF:16
LH:16
end_of_record
TN:
SF:/home/runner/work/raccoon/raccoon/src/kernels/ADPFFPressure.C
FN:10,_ZN13ADPFFPressure11validParamsEv
FN:28,_ZN13ADPFFPressureC2ERK15InputParameters
FN:47,_ZN13ADPFFPressure20precomputeQpResidualEv
FNDA:2,_ZN13ADPFFPressureC2ERK15InputParameters
FNDA:126,_ZN13ADPFFPressure11validParamsEv
FNDA:46400,_ZN13ADPFFPressure20precomputeQpResidualEv
FNF:3
FNH:3
DA:10,126
DA:12,126
DA:13,126
DA:14,126
DA:18,252
DA:19,252
DA:22,252
DA:25,126
DA:28,2
DA:32,4
DA:33,2
DA:35,6
DA:36,8
DA:39,6
DA:40,4
DA:42,4
DA:43,2
DA:44,2
DA:47,46400
DA:49,46400
DA:50,92800
LF:21
LH:21
end_of_record
TN:
SF:/home/runner/work/raccoon/raccoon/src/kernels/ADPFFSource.C
FN:10,_ZN11ADPFFSource11validParamsEv
FN:21,_ZN11ADPFFSourceC2ERK15InputParameters
FN:30,_ZN11ADPFFSource20precomputeQpResidualEv
FNDA:5958196,_ZN11ADPFFSource20precomputeQpResidualEv
FNDA:174,_ZN11ADPFFSource11validParamsEv
FNDA:26,_ZN11ADPFFSourceC2ERK15InputParameters
FNF:3
FNH:3
DA:10,174
DA:12,174
DA:13,174
DA:15,348
DA:18,174
DA:21,26
DA:25,78
DA:27,26
DA:30,5958196
DA:32,5958196
LF:10
LH:10
end_of_record
TN:
SF:/home/runner/work/raccoon/raccoon/src/kernels/ADPressurizedCrack.C
FN:10,_ZN18ADPressurizedCrack11validParamsEv
FN:29,_ZN18ADPressurizedCrackC2ERK15InputParameters
FN:42,_ZN18ADPressurizedCrack20precomputeQpResidualEv
FNDA:130,_ZN18ADPressurizedCrack11validParamsEv
FNDA:337600,_ZN18ADPressurizedCrack20precomputeQpResidualEv
FNDA:4,_ZN18ADPressurizedCrackC2ERK15InputParameters
FNF:3
FNH:3
DA:10,130
DA:12,130
DA:13,130
DA:14,130
DA:17,260
DA:18,260
DA:19,260
DA:23,260
DA:26,130
DA:29,4
DA:33,12
DA:34,8
DA:35,4
DA:36,12
DA:37,20
DA:39,4
DA:42,337600
DA:44,337600
LF:18
LH:18
end_of_record
TN:
SF:/home/runner/work/raccoon/raccoon/src/main.C
FN:10,main
FNDA:41,main
FNF:1
FNH:1
DA:10,41
DA:12,41
LF:2
LH:2
end_of_record
TN:
SF:/home/runner/work/raccoon/raccoon/src/materials/ArrheniusLaw.C
FN:10,_ZN12ArrheniusLaw11validParamsEv
FN:27,_ZN12ArrheniusLawC2ERK15InputParameters
FN:42,_ZN12ArrheniusLaw19computeQpPropertiesEv
FNDA:138,_ZN12ArrheniusLaw11validParamsEv
FNDA:12,_ZN12ArrheniusLawC2ERK15InputParameters
FNDA:29816,_ZN12ArrheniusLaw19computeQpPropertiesEv
FNF:3
FNH:3
DA:10,138
DA:12,138
DA:13,138
DA:14,138
DA:18,276
DA:20,276
DA:21,276
DA:22,276
DA:24,138
DA:27,12
DA:31,24
DA:32,12
DA:34,48
DA:35,24
DA:36,12
DA:37,72
DA:39,12
DA:42,29816
DA:44,59632
DA:45,59632
DA:46,29816
LF:21
LH:21
end_of_record
TN:
SF:/home/runner/work/raccoon/raccoon/src/materials/ComputeEigenstrainFromFunctionInitialStress.C
FN:10,_ZN43ComputeEigenstrainFromFunctionInitialStress11validParamsEv
FN:32,_ZN43ComputeEigenstrainFromFunctionInitialStressC2ERK15InputParameters
FN:58,_ZN43ComputeEigenstrainFromFunctionInitialStress24initQpStatefulPropertiesEv
FN:64,_ZN43ComputeEigenstrainFromFunctionInitialStress19computeQpPropertiesEv
FNDA:3,_ZN43ComputeEigenstrainFromFunctionInitialStressC2ERK15InputParameters
FNDA:5960000,_ZN43ComputeEigenstrainFromFunctionInitialStress19computeQpPropertiesEv
FNDA:0,_ZN43ComputeEigenstrainFromFunctionInitialStress24initQpStatefulPropertiesEv
FNDA:126,_ZN43ComputeEigenstrainFromFunctionInitialStress11validParamsEv
FNF:4
FNH:3
DA:10,126
DA:12,126
DA:13,126
DA:14,126
DA:20,252
DA:21,252
DA:22,252
DA:27,252
DA:29,126
DA:32,3
DA:33,3
DA:36,6
DA:37,6
DA:38,6
DA:39,18
DA:42,6
DA:45,3
DA:46,0
DA:48,0
DA:49,0
DA:50,0
DA:52,3
DA:53,12
DA:54,9
DA:55,3
DA:58,0
DA:60,0
DA:61,0
DA:64,5960000
DA:67,5960000
DA:68,23840000
DA:69,17880000
DA:70,5960000
DA:71,5960000
DA:73,5960000
DA:74,5960000
DA:75,17880000
DA:76,5960000
LF:38
LH:31
end_of_record
TN:
SF:/home/runner/work/raccoon/raccoon/src/materials/ComputeThermalExpansionEigenDeformationGradient.C
FN:10,_ZN47ComputeThermalExpansionEigenDeformationGradient11validParamsEv
FN:32,_ZN47ComputeThermalExpansionEigenDeformationGradientC2ERK15InputParameters
FN:44,_ZN47ComputeThermalExpansionEigenDeformationGradient24initQpStatefulPropertiesEv
FN:50,_ZN47ComputeThermalExpansionEigenDeformationGradient19computeQpPropertiesEv
FNDA:424,_ZN47ComputeThermalExpansionEigenDeformationGradient19computeQpPropertiesEv
FNDA:3,_ZN47ComputeThermalExpansionEigenDeformationGradientC2ERK15InputParameters
FNDA:0,_ZN47ComputeThermalExpansionEigenDeformationGradient24initQpStatefulPropertiesEv
FNDA:126,_ZN47ComputeThermalExpansionEigenDeformationGradient11validParamsEv
FNF:4
FNH:3
DA:10,126
DA:12,126
DA:13,126
DA:14,126
DA:19,252
DA:21,252
DA:24,252
DA:25,252
DA:28,126
DA:29,126
DA:32,3
DA:33,3
DA:36,6
DA:37,3
DA:38,3
DA:39,12
DA:41,3
DA:44,0
DA:46,0
DA:47,0
DA:50,424
DA:53,424
DA:55,424
DA:56,1272
DA:57,424
LF:25
LH:22
end_of_record
TN:
SF:/home/runner/work/raccoon/raccoon/src/materials/CrackSurfaceDensity.C
FN:10,_ZN19CrackSurfaceDensity11validParamsEv
FN:32,_ZN19CrackSurfaceDensityC2ERK15InputParameters
FN:44,_ZN19CrackSurfaceDensity19computeQpPropertiesEv
FNDA:0,_ZN19CrackSurfaceDensityC2ERK15InputParameters
FNDA:122,_ZN19CrackSurfaceDensity11validParamsEv
FNDA:0,_ZN19CrackSurfaceDensity19computeQpPropertiesEv
FNF:3
FNH:1
DA:10,122
DA:12,122
DA:13,122
DA:14,122
DA:19,244
DA:20,244
DA:22,244
DA:24,244
DA:26,244
DA:29,122
DA:32,0
DA:35,0
DA:36,0
DA:37,0
DA:38,0
DA:39,0
DA:41,0
DA:44,0
DA:46,0
DA:47,0
DA:48,0
LF:21
LH:10
end_of_record
TN:
SF:/home/runner/work/raccoon/raccoon/src/materials/PressureDensity.C
FN:10,_ZN15PressureDensity11validParamsEv
FN:29,_ZN15PressureDensityC2ERK15InputParameters
FN:42,_ZN15PressureDensity19computeQpPropertiesEv
FNDA:238400,_ZN15PressureDensity19computeQpPropertiesEv
FNDA:6,_ZN15PressureDensityC2ERK15InputParameters
FNDA:130,_ZN15PressureDensity11validParamsEv
FNF:3
FNH:3
DA:10,130
DA:12,130
DA:13,130
DA:14,130
DA:17,260
DA:20,260
DA:21,260
DA:22,260
DA:26,130
DA:29,6
DA:33,12
DA:34,12
DA:35,12
DA:36,18
DA:37,36
DA:39,6
DA:42,238400
DA:44,476800
DA:45,238400
LF:19
LH:19
end_of_record
TN:
SF:/home/runner/work/raccoon/raccoon/src/materials/ThinFilmInterfaceEnergyDensity.C
FN:10,_ZN30ThinFilmInterfaceEnergyDensity11validParamsEv
FN:33,_ZN30ThinFilmInterfaceEnergyDensityC2ERK15InputParameters
FN:63,_ZN30ThinFilmInterfaceEnergyDensity19computeQpPropertiesEv
FNDA:5960000,_ZN30ThinFilmInterfaceEnergyDensity19computeQpPropertiesEv
FNDA:3,_ZN30ThinFilmInterfaceEnergyDensityC2ERK15InputParameters
FNDA:126,_ZN30ThinFilmInterfaceEnergyDensity11validParamsEv
FNF:3
FNH:3
DA:10,126
DA:12,126
DA:13,126
DA:14,126
DA:18,252
DA:21,252
DA:25,252
DA:26,252
DA:28,252
DA:30,126
DA:33,3
DA:37,6
DA:38,3
DA:41,6
DA:45,3
DA:46,3
DA:47,9
DA:51,3
DA:52,36
DA:54,9
DA:55,6
DA:58,6
DA:59,3
DA:60,3
DA:63,5960000
DA:65,5960000
DA:66,11920000
DA:67,11920000
DA:68,11920000
DA:69,5960000
LF:30
LH:30
end_of_record
TN:
SF:/home/runner/work/raccoon/raccoon/src/materials/hardening_models/ArrheniusLawHardening.C
FN:10,_ZN21ArrheniusLawHardening11validParamsEv
FN:41,_ZN21ArrheniusLawHardeningC2ERK15InputParameters
FN:73,_ZN21ArrheniusLawHardening13plasticEnergyERKN11MetaPhysicL10DualNumberIdNS0_28SemiDynamicSparseNumberArrayIdmNS0_8NWrapperILm64EEEEELb1EEEj
FN:95,_ZN21ArrheniusLawHardening18plasticDissipationERKN11MetaPhysicL10DualNumberIdNS0_28SemiDynamicSparseNumberArrayIdmNS0_8NWrapperILm64EEEEELb1EEES8_j
FN:115,_ZN21ArrheniusLawHardening16thermalConjugateERKN11MetaPhysicL10DualNumberIdNS0_28SemiDynamicSparseNumberArrayIdmNS0_8NWrapperILm64EEEEELb1EEE
FNDA:138,_ZN21ArrheniusLawHardening11validParamsEv
FNDA:157860,_ZN21ArrheniusLawHardening18plasticDissipationERKN11MetaPhysicL10DualNumberIdNS0_28SemiDynamicSparseNumberArrayIdmNS0_8NWrapperILm64EEEEELb1EEES8_j
FNDA:12,_ZN21ArrheniusLawHardeningC2ERK15InputParameters
FNDA:29816,_ZN21ArrheniusLawHardening16thermalConjugateERKN11MetaPhysicL10DualNumberIdNS0_28SemiDynamicSparseNumberArrayIdmNS0_8NWrapperILm64EEEEELb1EEE
FNDA:157860,_ZN21ArrheniusLawHardening13plasticEnergyERKN11MetaPhysicL10DualNumberIdNS0_28SemiDynamicSparseNumberArrayIdmNS0_8NWrapperILm64EEEEELb1EEEj
FNF:5
FNH:5
DA:10,138
DA:12,138
DA:13,138
DA:15,276
DA:17,276
DA:19,276
DA:22,276
DA:23,276
DA:27,276
DA:28,276
DA:34,276
DA:38,138
DA:41,12
DA:44,24
DA:45,24
DA:48,48
DA:49,12
DA:51,24
DA:55,12
DA:56,12
DA:57,36
DA:61,12
DA:62,36
DA:65,12
DA:68,192
DA:70,12
DA:73,157860
DA:75,157860
DA:77,29816
DA:78,89448
DA:79,59632
DA:80,59632
DA:81,29816
DA:84,128044
DA:85,326568
DA:87,46402
DA:88,92804
DA:90,0
DA:95,157860
DA:99,157860
DA:101,0
DA:104,157860
DA:105,445832
DA:107,46402
DA:108,92804
DA:110,0
DA:115,29816
DA:117,29816
DA:118,59632
LF:49
LH:46
end_of_record
TN:
SF:/home/runner/work/raccoon/raccoon/src/materials/hardening_models/ExponentialHardening.C
FN:10,_ZN20ExponentialHardening11validParamsEv
FN:32,_ZN20ExponentialHardeningC2ERK15InputParameters
FN:56,_ZN20ExponentialHardening13plasticEnergyERKN11MetaPhysicL10DualNumberIdNS0_28SemiDynamicSparseNumberArrayIdmNS0_8NWrapperILm64EEEEELb1EEEj
FNDA:84598,_ZN20ExponentialHardening13plasticEnergyERKN11MetaPhysicL10DualNumberIdNS0_28SemiDynamicSparseNumberArrayIdmNS0_8NWrapperILm64EEEEELb1EEEj
FNDA:126,_ZN20ExponentialHardening11validParamsEv
FNDA:3,_ZN20ExponentialHardeningC2ERK15InputParameters
FNF:3
FNH:3
DA:10,126
DA:12,126
DA:13,126
DA:15,252
DA:16,252
DA:18,252
DA:20,252
DA:22,252
DA:23,252
DA:27,252
DA:29,126
DA:32,3
DA:35,6
DA:36,6
DA:37,6
DA:38,6
DA:40,6
DA:44,3
DA:45,3
DA:46,9
DA:50,3
DA:51,42
DA:53,3
DA:56,84598
DA:58,84598
DA:60,13424
DA:61,13424
DA:62,53696
DA:63,26848
DA:64,26848
DA:65,26848
DA:66,13424
DA:69,71174
DA:70,42299
DA:71,126897
DA:72,84598
DA:74,28875
DA:75,28875
DA:76,86625
DA:78,0
LF:40
LH:39
end_of_record
TN:
SF:/home/runner/work/raccoon/raccoon/src/materials/hardening_models/JohnsonCookHardening.C
FN:10,_ZN20JohnsonCookHardening11validParamsEv
FN:44,_ZN20JohnsonCookHardeningC2ERK15InputParameters
FN:75,_ZN20JohnsonCookHardening21temperatureDependenceEv
FN:81,_ZN20JohnsonCookHardening12initialGuessERKN11MetaPhysicL10DualNumberIdNS0_28SemiDynamicSparseNumberArrayIdmNS0_8NWrapperILm64EEEEELb1EEE
FN:92,_ZN20JohnsonCookHardening13plasticEnergyERKN11MetaPhysicL10DualNumberIdNS0_28SemiDynamicSparseNumberArrayIdmNS0_8NWrapperILm64EEEEELb1EEEj
FN:118,_ZN20JohnsonCookHardening18plasticDissipationERKN11MetaPhysicL10DualNumberIdNS0_28SemiDynamicSparseNumberArrayIdmNS0_8NWrapperILm64EEEEELb1EEES8_j
FN:155,_ZN20JohnsonCookHardening16thermalConjugateERKN11MetaPhysicL10DualNumberIdNS0_28SemiDynamicSparseNumberArrayIdmNS0_8NWrapperILm64EEEEELb1EEE
FNDA:218944,_ZN20JohnsonCookHardening13plasticEnergyERKN11MetaPhysicL10DualNumberIdNS0_28SemiDynamicSparseNumberArrayIdmNS0_8NWrapperILm64EEEEELb1EEEj
FNDA:3,_ZN20JohnsonCookHardeningC2ERK15InputParameters
FNDA:6408,_ZN20JohnsonCookHardening12initialGuessERKN11MetaPhysicL10DualNumberIdNS0_28SemiDynamicSparseNumberArrayIdmNS0_8NWrapperILm64EEEEELb1EEE
FNDA:10056,_ZN20JohnsonCookHardening16thermalConjugateERKN11MetaPhysicL10DualNumberIdNS0_28SemiDynamicSparseNumberArrayIdmNS0_8NWrapperILm64EEEEELb1EEE
FNDA:126,_ZN20JohnsonCookHardening11validParamsEv
FNDA:218944,_ZN20JohnsonCookHardening18plasticDissipationERKN11MetaPhysicL10DualNumberIdNS0_28SemiDynamicSparseNumberArrayIdmNS0_8NWrapperILm64EEEEELb1EEES8_j
FNDA:444296,_ZN20JohnsonCookHardening21temperatureDependenceEv
FNF:7
FNH:7
DA:10,126
DA:12,126
DA:13,126
DA:15,252
DA:17,252
DA:18,252
DA:19,252
DA:21,252
DA:23,252
DA:24,252
DA:25,252
DA:30,252
DA:31,252
DA:32,252
DA:33,252
DA:35,252
DA:36,252
DA:40,252
DA:41,126
DA:44,3
DA:47,6
DA:48,3
DA:49,3
DA:50,3
DA:51,3
DA:52,3
DA:53,3
DA:54,3
DA:55,3
DA:56,3
DA:57,3
DA:58,3
DA:59,6
DA:63,3
DA:64,3
DA:65,9
DA:69,3
DA:70,66
DA:72,3
DA:75,444296
DA:77,444296
DA:81,6408
DA:84,12816
DA:85,6408
DA:86,0
DA:87,6408
DA:88,12816
DA:92,218944
DA:94,218944
DA:96,20112
DA:97,30168
DA:98,20112
DA:99,20112
DA:100,20112
DA:101,10056
DA:104,208888
DA:106,437888
DA:107,218944
DA:109,99416
DA:111,198832
DA:112,198832
DA:114,0
DA:118,218944
DA:122,218944
DA:124,218944
DA:126,0
DA:127,0
DA:128,0
DA:129,0
DA:132,218944
DA:134,478112
DA:135,119528
DA:137,529120
DA:140,218944
DA:142,298248
DA:143,99416
DA:145,198832
DA:146,397664
DA:149,437888
DA:155,10056
DA:158,40224
DA:159,20112
LF:82
LH:76
end_of_record
TN:
SF:/home/runner/work/raccoon/raccoon/src/materials/hardening_models/LinearHardening.C
FN:11,_ZN15LinearHardening11validParamsEv
FN:30,_ZN15LinearHardeningC2ERK15InputParameters
FN:52,_ZN15LinearHardening13plasticEnergyERKN11MetaPhysicL10DualNumberIdNS0_28SemiDynamicSparseNumberArrayIdmNS0_8NWrapperILm64EEEEELb1EEEj
FNDA:6,_ZN15LinearHardeningC2ERK15InputParameters
FNDA:130,_ZN15LinearHardening11validParamsEv
FNDA:137808,_ZN15LinearHardening13plasticEnergyERKN11MetaPhysicL10DualNumberIdNS0_28SemiDynamicSparseNumberArrayIdmNS0_8NWrapperILm64EEEEELb1EEEj
FNF:3
FNH:3
DA:11,130
DA:13,130
DA:14,130
DA:16,260
DA:18,260
DA:20,260
DA:21,260
DA:25,260
DA:27,130
DA:30,6
DA:33,12
DA:34,12
DA:36,12
DA:40,6
DA:41,6
DA:42,18
DA:46,6
DA:47,72
DA:49,6
DA:52,137808
DA:54,137808
DA:56,84480
DA:57,56320
DA:58,56320
DA:59,28160
DA:62,109648
DA:63,275616
DA:65,40744
DA:66,40744
DA:68,0
LF:30
LH:29
end_of_record
TN:
SF:/home/runner/work/raccoon/raccoon/src/materials/hardening_models/PlasticHardeningModel.C
FN:8,_ZN21PlasticHardeningModel11validParamsEv
FN:19,_ZN21PlasticHardeningModelC2ERK15InputParameters
FNDA:45,_ZN21PlasticHardeningModelC2ERK15InputParameters
FNDA:670,_ZN21PlasticHardeningModel11validParamsEv
FNF:2
FNH:2
DA:8,670
DA:10,670
DA:11,670
DA:13,670
DA:14,670
DA:16,670
DA:19,45
DA:20,45
DA:22,45
LF:9
LH:9
end_of_record
TN:
SF:/home/runner/work/raccoon/raccoon/src/materials/hardening_models/PowerLawHardening.C
FN:10,_ZN17PowerLawHardening11validParamsEv
FN:31,_ZN17PowerLawHardeningC2ERK15InputParameters
FN:54,_ZN17PowerLawHardening13plasticEnergyERKN11MetaPhysicL10DualNumberIdNS0_28SemiDynamicSparseNumberArrayIdmNS0_8NWrapperILm64EEEEELb1EEEj
FNDA:21,_ZN17PowerLawHardeningC2ERK15InputParameters
FNDA:150,_ZN17PowerLawHardening11validParamsEv
FNDA:642326,_ZN17PowerLawHardening13plasticEnergyERKN11MetaPhysicL10DualNumberIdNS0_28SemiDynamicSparseNumberArrayIdmNS0_8NWrapperILm64EEEEELb1EEEj
FNF:3
FNH:3
DA:10,150
DA:12,150
DA:13,150
DA:15,300
DA:16,300
DA:18,300
DA:21,300
DA:22,300
DA:26,300
DA:28,150
DA:31,21
DA:34,42
DA:35,42
DA:36,42
DA:38,42
DA:42,21
DA:43,21
DA:44,63
DA:48,21
DA:49,273
DA:51,21
DA:54,642326
DA:56,642326
DA:58,510976
DA:59,1277440
DA:60,510976
DA:61,510976
DA:62,255488
DA:65,386838
DA:66,1605815
DA:68,65675
DA:69,328375
DA:70,65675
DA:72,0
LF:34
LH:33
end_of_record
TN:
SF:/home/runner/work/raccoon/raccoon/src/materials/large_deformation_models/CNHIsotropicElasticity.C
FN:11,_ZN22CNHIsotropicElasticity11validParamsEv
FN:31,_ZN22CNHIsotropicElasticityC2ERK15InputParameters
FN:55,_ZN22CNHIsotropicElasticity19computeMandelStressERK18RankTwoTensorTemplIN11MetaPhysicL10DualNumberIdNS1_28SemiDynamicSparseNumberArrayIdmNS1_8NWrapperILm64EEEEELb1EEEEb
FN:71,_ZN22CNHIsotropicElasticity34computeMandelStressNoDecompositionERK18RankTwoTensorTemplIN11MetaPhysicL10DualNumberIdNS1_28SemiDynamicSparseNumberArrayIdmNS1_8NWrapperILm64EEEEELb1EEEEb
FN:108,_ZN22CNHIsotropicElasticity38computeMandelStressVolDevDecompositionERK18RankTwoTensorTemplIN11MetaPhysicL10DualNumberIdNS1_28SemiDynamicSparseNumberArrayIdmNS1_8NWrapperILm64EEEEELb1EEEEb
FNDA:2664,_ZN22CNHIsotropicElasticity34computeMandelStressNoDecompositionERK18RankTwoTensorTemplIN11MetaPhysicL10DualNumberIdNS1_28SemiDynamicSparseNumberArrayIdmNS1_8NWrapperILm64EEEEELb1EEEEb
FNDA:126,_ZN22CNHIsotropicElasticity11validParamsEv
FNDA:0,_ZN22CNHIsotropicElasticity38computeMandelStressVolDevDecompositionERK18RankTwoTensorTemplIN11MetaPhysicL10DualNumberIdNS1_28SemiDynamicSparseNumberArrayIdmNS1_8NWrapperILm64EEEEELb1EEEEb
FNDA:3,_ZN22CNHIsotropicElasticityC2ERK15InputParameters
FNDA:2664,_ZN22CNHIsotropicElasticity19computeMandelStressERK18RankTwoTensorTemplIN11MetaPhysicL10DualNumberIdNS1_28SemiDynamicSparseNumberArrayIdmNS1_8NWrapperILm64EEEEELb1EEEEb
FNF:5
FNH:4
DA:11,126
DA:13,126
DA:14,126
DA:16,252
DA:17,252
DA:19,252
DA:20,252
DA:24,252
DA:25,252
DA:26,252
DA:28,126
DA:31,3
DA:34,6
DA:35,6
DA:37,6
DA:41,3
DA:42,3
DA:43,9
DA:47,3
DA:48,9
DA:50,39
DA:52,3
DA:55,2664
DA:58,2664
DA:60,2664
DA:61,2664
DA:62,0
DA:63,0
DA:65,0
DA:67,2664
DA:71,2664
DA:75,2664
DA:76,2664
DA:78,888
DA:79,888
DA:82,1776
DA:84,2664
DA:86,2664
DA:89,10656
DA:90,2664
DA:94,2664
DA:96,3552
DA:97,5328
DA:98,5328
DA:99,1776
DA:100,3552
DA:101,3552
DA:104,2664
DA:108,0
DA:112,0
DA:113,0
DA:115,0
DA:116,0
DA:119,0
DA:121,0
DA:123,0
DA:126,0
DA:127,0
DA:129,0
DA:133,0
DA:135,0
DA:136,0
DA:137,0
DA:138,0
DA:139,0
DA:140,0
DA:143,0
LF:67
LH:45
end_of_record
TN:
SF:/home/runner/work/raccoon/raccoon/src/materials/large_deformation_models/ComputeDeformationGradient.C
FN:10,_ZN26ComputeDeformationGradient11validParamsEv
FN:31,_ZN26ComputeDeformationGradientC2ERK15InputParameters
FN:55,_ZN26ComputeDeformationGradient12initialSetupEv
FN:68,_ZN26ComputeDeformationGradient26displacementIntegrityCheckEv
FN:88,_ZN26ComputeDeformationGradient24initQpStatefulPropertiesEv
FN:95,_ZN26ComputeDeformationGradient27computeQpOutOfPlaneGradDispEv
FN:104,_ZN26ComputeDeformationGradient17computePropertiesEv
FNDA:48,_ZN26ComputeDeformationGradient26displacementIntegrityCheckEv
FNDA:8608,_ZN26ComputeDeformationGradient24initQpStatefulPropertiesEv
FNDA:186,_ZN26ComputeDeformationGradient11validParamsEv
FNDA:0,_ZN26ComputeDeformationGradient27computeQpOutOfPlaneGradDispEv
FNDA:48,_ZN26ComputeDeformationGradientC2ERK15InputParameters
FNDA:48,_ZN26ComputeDeformationGradient12initialSetupEv
FNDA:50213,_ZN26ComputeDeformationGradient17computePropertiesEv
FNF:7
FNH:6
DA:10,186
DA:12,186
DA:13,186
DA:14,186
DA:19,372
DA:22,372
DA:23,372
DA:24,372
DA:27,186
DA:28,186
DA:31,48
DA:34,48
DA:35,48
DA:38,48
DA:40,48
DA:41,96
DA:42,96
DA:45,480
DA:47,51
DA:48,3
DA:50,96
DA:51,0
DA:52,48
DA:55,48
DA:57,48
DA:60,57
DA:62,9
DA:63,9
DA:65,48
DA:68,48
DA:71,48
DA:72,0
DA:77,48
DA:78,0
DA:81,48
DA:82,0
DA:85,48
DA:88,8608
DA:90,8608
DA:91,8608
DA:92,8608
DA:95,0
DA:97,0
DA:98,0
DA:100,0
DA:104,50213
DA:106,50213
DA:108,311197
DA:111,260984
DA:112,260984
DA:113,0
DA:114,260984
DA:115,260984
DA:117,260984
DA:118,427152
DA:121,50213
DA:122,39562
DA:124,311197
DA:126,260984
DA:127,427152
DA:130,260984
DA:131,261408
DA:132,424
DA:133,260984
DA:135,50213
LF:65
LH:56
end_of_record
TN:
SF:/home/runner/work/raccoon/raccoon/src/materials/large_deformation_models/ComputeLargeDeformationStress.C
FN:13,_ZN29ComputeLargeDeformationStress11validParamsEv
FN:29,_ZN29ComputeLargeDeformationStressC2ERK15InputParameters
FN:44,_ZN29ComputeLargeDeformationStress12initialSetupEv
FN:67,_ZN29ComputeLargeDeformationStress24initQpStatefulPropertiesEv
FN:73,_ZN29ComputeLargeDeformationStress19computeQpPropertiesEv
FNDA:260984,_ZN29ComputeLargeDeformationStress19computeQpPropertiesEv
FNDA:186,_ZN29ComputeLargeDeformationStress11validParamsEv
FNDA:48,_ZN29ComputeLargeDeformationStress12initialSetupEv
FNDA:48,_ZN29ComputeLargeDeformationStressC2ERK15InputParameters
FNDA:0,_ZN29ComputeLargeDeformationStress24initQpStatefulPropertiesEv
FNF:5
FNH:4
DA:13,186
DA:15,186
DA:16,186
DA:17,186
DA:20,372
DA:22,372
DA:23,372
DA:25,186
DA:26,186
DA:29,48
DA:32,96
DA:33,48
DA:34,48
DA:35,54
DA:37,192
DA:39,96
DA:40,0
DA:41,48
DA:44,48
DA:46,48
DA:47,48
DA:48,48
DA:49,0
DA:50,0
DA:53,48
DA:54,48
DA:55,87
DA:57,48
DA:58,39
DA:60,48
DA:61,51
DA:62,54
DA:64,48
DA:67,0
DA:69,0
DA:70,0
DA:73,260984
DA:75,260984
DA:76,260984
DA:78,260984
DA:80,57920
DA:81,57920
DA:83,260984
LF:43
LH:37
end_of_record
TN:
SF:/home/runner/work/raccoon/raccoon/src/materials/large_deformation_models/HenckyIsotropicElasticity.C
FN:11,_ZN25HenckyIsotropicElasticity11validParamsEv
FN:32,_ZN25HenckyIsotropicElasticityC2ERK15InputParameters
FN:56,_ZN25HenckyIsotropicElasticity19computeMandelStressERK18RankTwoTensorTemplIN11MetaPhysicL10DualNumberIdNS1_28SemiDynamicSparseNumberArrayIdmNS1_8NWrapperILm64EEEEELb1EEEEb
FN:74,_ZN25HenckyIsotropicElasticity34computeMandelStressNoDecompositionERK18RankTwoTensorTemplIN11MetaPhysicL10DualNumberIdNS1_28SemiDynamicSparseNumberArrayIdmNS1_8NWrapperILm64EEEEELb1EEEEb
FN:104,_ZN25HenckyIsotropicElasticity38computeMandelStressVolDevDecompositionERK18RankTwoTensorTemplIN11MetaPhysicL10DualNumberIdNS1_28SemiDynamicSparseNumberArrayIdmNS1_8NWrapperILm64EEEEELb1EEEEb
FN:143,_ZN25HenckyIsotropicElasticity40computeMandelStressSpectralDecompositionERK18RankTwoTensorTemplIN11MetaPhysicL10DualNumberIdNS1_28SemiDynamicSparseNumberArrayIdmNS1_8NWrapperILm64EEEEELb1EEEEb
FNDA:0,_ZN25HenckyIsotropicElasticity40computeMandelStressSpectralDecompositionERK18RankTwoTensorTemplIN11MetaPhysicL10DualNumberIdNS1_28SemiDynamicSparseNumberArrayIdmNS1_8NWrapperILm64EEEEELb1EEEEb
FNDA:182,_ZN25HenckyIsotropicElasticity11validParamsEv
FNDA:0,_ZN25HenckyIsotropicElasticity38computeMandelStressVolDevDecompositionERK18RankTwoTensorTemplIN11MetaPhysicL10DualNumberIdNS1_28SemiDynamicSparseNumberArrayIdmNS1_8NWrapperILm64EEEEELb1EEEEb
FNDA:1532190,_ZN25HenckyIsotropicElasticity34computeMandelStressNoDecompositionERK18RankTwoTensorTemplIN11MetaPhysicL10DualNumberIdNS1_28SemiDynamicSparseNumberArrayIdmNS1_8NWrapperILm64EEEEELb1EEEEb
FNDA:45,_ZN25HenckyIsotropicElasticityC2ERK15InputParameters
FNDA:1532190,_ZN25HenckyIsotropicElasticity19computeMandelStressERK18RankTwoTensorTemplIN11MetaPhysicL10DualNumberIdNS1_28SemiDynamicSparseNumberArrayIdmNS1_8NWrapperILm64EEEEELb1EEEEb
FNF:6
FNH:4
DA:11,182
DA:13,182
DA:14,182
DA:17,364
DA:18,364
DA:20,364
DA:21,364
DA:25,364
DA:26,364
DA:27,364
DA:29,182
DA:32,45
DA:35,90
DA:36,90
DA:38,90
DA:42,45
DA:43,45
DA:44,135
DA:48,45
DA:49,135
DA:51,585
DA:53,45
DA:56,1532190
DA:59,1532190
DA:61,1532190
DA:62,1532190
DA:63,0
DA:64,0
DA:65,0
DA:66,0
DA:68,0
DA:70,1532190
DA:74,1532190
DA:81,1532190
DA:82,944720
DA:84,1532190
DA:87,6128760
DA:88,1532190
DA:92,1532190
DA:95,944720
DA:96,944720
DA:97,944720
DA:100,1532190
DA:104,0
DA:111,0
DA:112,0
DA:114,0
DA:117,0
DA:118,0
DA:120,0
DA:122,0
DA:123,0
DA:124,0
DA:125,0
DA:129,0
DA:132,0
DA:133,0
DA:134,0
DA:135,0
DA:136,0
DA:139,0
DA:143,0
DA:150,0
DA:151,0
DA:153,0
DA:154,0
DA:155,0
DA:156,0
DA:159,0
DA:162,0
DA:163,0
DA:164,0
DA:165,0
DA:168,0
DA:171,0
DA:172,0
DA:173,0
DA:174,0
DA:175,0
DA:176,0
DA:178,0
LF:81
LH:38
end_of_record
TN:
SF:/home/runner/work/raccoon/raccoon/src/materials/large_deformation_models/LargeDeformationElasticityModel.C
FN:9,_ZN31LargeDeformationElasticityModel11validParamsEv
FN:20,_ZN31LargeDeformationElasticityModelC2ERK15InputParameters
FN:29,_ZN31LargeDeformationElasticityModel5setQpEj
FN:37,_ZN31LargeDeformationElasticityModel18setPlasticityModelEP31LargeDeformationPlasticityModel
FN:45,_ZN31LargeDeformationElasticityModel24initQpStatefulPropertiesEv
FN:51,_ZN31LargeDeformationElasticityModel11updateStateERK18RankTwoTensorTemplIN11MetaPhysicL10DualNumberIdNS1_28SemiDynamicSparseNumberArrayIdmNS1_8NWrapperILm64EEEEELb1EEEERS8_
FN:62,_ZN31LargeDeformationElasticityModel19computeCauchyStressERK18RankTwoTensorTemplIN11MetaPhysicL10DualNumberIdNS1_28SemiDynamicSparseNumberArrayIdmNS1_8NWrapperILm64EEEEELb1EEEE
FNDA:39,_ZN31LargeDeformationElasticityModel18setPlasticityModelEP31LargeDeformationPlasticityModel
FNDA:260984,_ZN31LargeDeformationElasticityModel19computeCauchyStressERK18RankTwoTensorTemplIN11MetaPhysicL10DualNumberIdNS1_28SemiDynamicSparseNumberArrayIdmNS1_8NWrapperILm64EEEEELb1EEEE
FNDA:48,_ZN31LargeDeformationElasticityModelC2ERK15InputParameters
FNDA:308,_ZN31LargeDeformationElasticityModel11validParamsEv
FNDA:0,_ZN31LargeDeformationElasticityModel24initQpStatefulPropertiesEv
FNDA:260984,_ZN31LargeDeformationElasticityModel11updateStateERK18RankTwoTensorTemplIN11MetaPhysicL10DualNumberIdNS1_28SemiDynamicSparseNumberArrayIdmNS1_8NWrapperILm64EEEEELb1EEEERS8_
FNDA:260984,_ZN31LargeDeformationElasticityModel5setQpEj
FNF:7
FNH:6
DA:9,308
DA:11,308
DA:12,308
DA:14,308
DA:15,308
DA:17,308
DA:20,48
DA:24,48
DA:26,48
DA:29,260984
DA:31,260984
DA:32,260984
DA:33,213152
DA:34,260984
DA:37,39
DA:40,39
DA:41,39
DA:42,39
DA:45,0
DA:47,0
DA:48,0
DA:51,260984
DA:53,260984
DA:55,260984
DA:56,213152
DA:58,47832
DA:59,260984
DA:62,260984
DA:64,260984
LF:29
LH:26
end_of_record
TN:
SF:/home/runner/work/raccoon/raccoon/src/materials/large_deformation_models/LargeDeformationJ2Plasticity.C
FN:11,_ZN28LargeDeformationJ2Plasticity11validParamsEv
FN:19,_ZN28LargeDeformationJ2PlasticityC2ERK15InputParameters
FN:26,_ZN28LargeDeformationJ2Plasticity11updateStateER18RankTwoTensorTemplIN11MetaPhysicL10DualNumberIdNS1_28SemiDynamicSparseNumberArrayIdmNS1_8NWrapperILm64EEEEELb1EEEES9_
FN:61,_ZN28LargeDeformationJ2Plasticity24computeReferenceResidualERKN11MetaPhysicL10DualNumberIdNS0_28SemiDynamicSparseNumberArrayIdmNS0_8NWrapperILm64EEEEELb1EEES8_
FN:71,_ZN28LargeDeformationJ2Plasticity15computeResidualERKN11MetaPhysicL10DualNumberIdNS0_28SemiDynamicSparseNumberArrayIdmNS0_8NWrapperILm64EEEEELb1EEES8_
FN:84,_ZN28LargeDeformationJ2Plasticity17computeDerivativeERKN11MetaPhysicL10DualNumberIdNS0_28SemiDynamicSparseNumberArrayIdmNS0_8NWrapperILm64EEEEELb1EEES8_
FNDA:280714,_ZN28LargeDeformationJ2Plasticity24computeReferenceResidualERKN11MetaPhysicL10DualNumberIdNS0_28SemiDynamicSparseNumberArrayIdmNS0_8NWrapperILm64EEEEELb1EEES8_
FNDA:213152,_ZN28LargeDeformationJ2Plasticity11updateStateER18RankTwoTensorTemplIN11MetaPhysicL10DualNumberIdNS1_28SemiDynamicSparseNumberArrayIdmNS1_8NWrapperILm64EEEEELb1EEEES9_
FNDA:39,_ZN28LargeDeformationJ2PlasticityC2ERK15InputParameters
FNDA:296,_ZN28LargeDeformationJ2Plasticity11validParamsEv
FNDA:275290,_ZN28LargeDeformationJ2Plasticity17computeDerivativeERKN11MetaPhysicL10DualNumberIdNS0_28SemiDynamicSparseNumberArrayIdmNS0_8NWrapperILm64EEEEELb1EEES8_
FNDA:486834,_ZN28LargeDeformationJ2Plasticity15computeResidualERKN11MetaPhysicL10DualNumberIdNS0_28SemiDynamicSparseNumberArrayIdmNS0_8NWrapperILm64EEEEELb1EEES8_
FNF:6
FNH:6
DA:11,296
DA:13,296
DA:14,296
DA:16,296
DA:19,39
DA:20,39
DA:22,39
DA:23,39
DA:26,213152
DA:29,213152
DA:30,213152
DA:31,213152
DA:35,213152
DA:36,213152
DA:37,213152
DA:38,26584
DA:39,426304
DA:40,426304
DA:42,213152
DA:43,213152
DA:44,89624
DA:46,426304
DA:47,426304
DA:48,213152
DA:51,213152
DA:52,213152
DA:53,213152
DA:55,426304
DA:57,426304
DA:58,213152
DA:61,280714
DA:64,561428
DA:65,561428
DA:66,280714
DA:67,561428
DA:71,486834
DA:74,486834
DA:75,486834
DA:76,973668
DA:77,486834
DA:78,973668
DA:79,973668
DA:80,1460502
DA:84,275290
DA:87,550580
DA:88,275290
DA:89,550580
DA:90,550580
LF:48
LH:48
end_of_record
TN:
SF:/home/runner/work/raccoon/raccoon/src/materials/large_deformation_models/LargeDeformationJ2PowerLawCreep.C
FN:11,_ZN31LargeDeformationJ2PowerLawCreep11validParamsEv
FN:24,_ZN31LargeDeformationJ2PowerLawCreepC2ERK15InputParameters
FN:32,_ZN31LargeDeformationJ2PowerLawCreep15computeResidualERKN11MetaPhysicL10DualNumberIdNS0_28SemiDynamicSparseNumberArrayIdmNS0_8NWrapperILm64EEEEELb1EEES8_
FN:47,_ZN31LargeDeformationJ2PowerLawCreep17computeDerivativeERKN11MetaPhysicL10DualNumberIdNS0_28SemiDynamicSparseNumberArrayIdmNS0_8NWrapperILm64EEEEELb1EEES8_
FNDA:6,_ZN31LargeDeformationJ2PowerLawCreepC2ERK15InputParameters
FNDA:130,_ZN31LargeDeformationJ2PowerLawCreep11validParamsEv
FNDA:5424,_ZN31LargeDeformationJ2PowerLawCreep17computeDerivativeERKN11MetaPhysicL10DualNumberIdNS0_28SemiDynamicSparseNumberArrayIdmNS0_8NWrapperILm64EEEEELb1EEES8_
FNDA:7032,_ZN31LargeDeformationJ2PowerLawCreep15computeResidualERKN11MetaPhysicL10DualNumberIdNS0_28SemiDynamicSparseNumberArrayIdmNS0_8NWrapperILm64EEEEELb1EEES8_
FNF:4
FNH:4
DA:11,130
DA:13,130
DA:14,130
DA:17,260
DA:19,260
DA:21,130
DA:24,6
DA:26,18
DA:27,18
DA:29,6
DA:32,7032
DA:37,21096
DA:38,14064
DA:40,14064
DA:41,14064
DA:42,14064
DA:43,14064
DA:47,5424
DA:52,16272
DA:53,10848
DA:55,5424
DA:56,5424
DA:58,10848
DA:59,10848
DA:61,10848
DA:62,10848
DA:64,16272
DA:65,5424
DA:66,5424
DA:67,5424
DA:68,5424
LF:31
LH:31
end_of_record
TN:
SF:/home/runner/work/raccoon/raccoon/src/materials/large_deformation_models/LargeDeformationNewtonianViscosity.C
FN:10,_ZN34LargeDeformationNewtonianViscosity11validParamsEv
FN:20,_ZN34LargeDeformationNewtonianViscosityC2ERK15InputParameters
FN:29,_ZN34LargeDeformationNewtonianViscosity19computeCauchyStressERK18RankTwoTensorTemplIN11MetaPhysicL10DualNumberIdNS1_28SemiDynamicSparseNumberArrayIdmNS1_8NWrapperILm64EEEEELb1EEEERKS0_IdE
FNDA:57920,_ZN34LargeDeformationNewtonianViscosity19computeCauchyStressERK18RankTwoTensorTemplIN11MetaPhysicL10DualNumberIdNS1_28SemiDynamicSparseNumberArrayIdmNS1_8NWrapperILm64EEEEELb1EEEERKS0_IdE
FNDA:3,_ZN34LargeDeformationNewtonianViscosityC2ERK15InputParameters
FNDA:126,_ZN34LargeDeformationNewtonianViscosity11validParamsEv
FNF:3
FNH:3
DA:10,126
DA:12,126
DA:13,126
DA:14,252
DA:15,252
DA:17,126
DA:20,3
DA:21,3
DA:23,6
DA:24,12
DA:26,3
DA:29,57920
DA:32,57920
DA:33,57920
DA:34,57920
DA:35,115840
LF:16
LH:16
end_of_record
TN:
SF:/home/runner/work/raccoon/raccoon/src/materials/large_deformation_models/LargeDeformationPlasticityModel.C
FN:9,_ZN31LargeDeformationPlasticityModel11validParamsEv
FN:23,_ZN31LargeDeformationPlasticityModelC2ERK15InputParameters
FN:38,_ZN31LargeDeformationPlasticityModel12initialSetupEv
FN:48,_ZN31LargeDeformationPlasticityModel5setQpEj
FN:55,_ZN31LargeDeformationPlasticityModel18setElasticityModelEP31LargeDeformationElasticityModel
FN:62,_ZN31LargeDeformationPlasticityModel24initQpStatefulPropertiesEv
FNDA:39,_ZN31LargeDeformationPlasticityModelC2ERK15InputParameters
FNDA:39,_ZN31LargeDeformationPlasticityModel12initialSetupEv
FNDA:296,_ZN31LargeDeformationPlasticityModel11validParamsEv
FNDA:213152,_ZN31LargeDeformationPlasticityModel5setQpEj
FNDA:39,_ZN31LargeDeformationPlasticityModel18setElasticityModelEP31LargeDeformationElasticityModel
FNDA:12384,_ZN31LargeDeformationPlasticityModel24initQpStatefulPropertiesEv
FNF:6
FNH:6
DA:9,296
DA:11,296
DA:12,296
DA:13,296
DA:15,592
DA:17,296
DA:18,296
DA:20,296
DA:23,39
DA:27,78
DA:29,78
DA:30,78
DA:31,78
DA:32,78
DA:33,273
DA:35,39
DA:38,39
DA:40,39
DA:41,39
DA:42,0
DA:43,0
DA:44,0
DA:45,39
DA:48,213152
DA:50,213152
DA:51,213152
DA:52,213152
DA:55,39
DA:58,39
DA:59,39
DA:62,12384
DA:64,12384
DA:65,12384
DA:66,12384
LF:34
LH:31
end_of_record
TN:
SF:/home/runner/work/raccoon/raccoon/src/materials/large_deformation_models/LargeDeformationViscoelasticityModel.C
FN:8,_ZN36LargeDeformationViscoelasticityModel11validParamsEv
FN:19,_ZN36LargeDeformationViscoelasticityModelC2ERK15InputParameters
FN:26,_ZN36LargeDeformationViscoelasticityModel5setQpEj
FNDA:57920,_ZN36LargeDeformationViscoelasticityModel5setQpEj
FNDA:3,_ZN36LargeDeformationViscoelasticityModelC2ERK15InputParameters
FNDA:126,_ZN36LargeDeformationViscoelasticityModel11validParamsEv
FNF:3
FNH:3
DA:8,126
DA:10,126
DA:11,126
DA:13,126
DA:14,126
DA:16,126
DA:19,3
DA:20,3
DA:21,3
DA:23,3
DA:26,57920
DA:28,57920
DA:29,57920
LF:13
LH:13
end_of_record
TN:
SF:/home/runner/work/raccoon/raccoon/src/materials/nucleation_models/KLBFNucleationMicroForce.C
FN:13,_ZN24KLBFNucleationMicroForce11validParamsEv
FN:28,_ZN24KLBFNucleationMicroForceC2ERK15InputParameters
FN:37,_ZN24KLBFNucleationMicroForce19computeQpPropertiesEv
FNDA:3,_ZN24KLBFNucleationMicroForceC2ERK15InputParameters
FNDA:126,_ZN24KLBFNucleationMicroForce11validParamsEv
FNDA:22320,_ZN24KLBFNucleationMicroForce19computeQpPropertiesEv
FNF:3
FNH:3
DA:13,126
DA:15,126
DA:17,126
DA:19,252
DA:21,252
DA:24,252
DA:25,126
DA:28,3
DA:30,6
DA:31,6
DA:32,15
DA:34,3
DA:37,22320
DA:40,44640
DA:43,22320
DA:46,22320
DA:47,22320
DA:48,44640
DA:55,22320
DA:56,1200
DA:60,44640
DA:61,44640
DA:62,66960
DA:63,22320
DA:64,44640
DA:65,22320
DA:67,89280
DA:68,22320
DA:69,44640
DA:72,66960
DA:74,66960
DA:75,22320
LF:32
LH:32
end_of_record
TN:
SF:/home/runner/work/raccoon/raccoon/src/materials/nucleation_models/KLRNucleationMicroForce.C
FN:13,_ZN23KLRNucleationMicroForce11validParamsEv
FN:29,_ZN23KLRNucleationMicroForceC2ERK15InputParameters
FN:39,_ZN23KLRNucleationMicroForce19computeQpPropertiesEv
FNDA:260400,_ZN23KLRNucleationMicroForce19computeQpPropertiesEv
FNDA:126,_ZN23KLRNucleationMicroForce11validParamsEv
FNDA:3,_ZN23KLRNucleationMicroForceC2ERK15InputParameters
FNF:3
FNH:3
DA:13,126
DA:15,126
DA:17,126
DA:20,252
DA:22,252
DA:25,252
DA:26,126
DA:29,3
DA:31,6
DA:32,6
DA:33,6
DA:34,15
DA:36,3
DA:39,260400
DA:42,520800
DA:45,260400
DA:48,260400
DA:49,260400
DA:50,520800
DA:57,260400
DA:58,1200
DA:60,260400
DA:61,1200
DA:64,781200
DA:65,260400
DA:66,520800
DA:67,260400
DA:68,520800
DA:69,1041600
DA:70,260400
DA:73,260400
DA:74,260400
DA:75,781200
DA:76,1302000
DA:78,781200
DA:80,260400
DA:81,260400
DA:82,520800
DA:83,781200
DA:84,260400
LF:40
LH:40
end_of_record
TN:
SF:/home/runner/work/raccoon/raccoon/src/materials/nucleation_models/LDLNucleationMicroForce.C
FN:10,_ZN23LDLNucleationMicroForce11validParamsEv
FN:27,_ZN23LDLNucleationMicroForceC2ERK15InputParameters
FN:37,_ZN23LDLNucleationMicroForce19computeQpPropertiesEv
FNDA:126,_ZN23LDLNucleationMicroForce11validParamsEv
FNDA:210480,_ZN23LDLNucleationMicroForce19computeQpPropertiesEv
FNDA:3,_ZN23LDLNucleationMicroForceC2ERK15InputParameters
FNF:3
FNH:3
DA:10,126
DA:12,126
DA:14,126
DA:17,252
DA:19,252
DA:22,252
DA:23,252
DA:24,126
DA:27,3
DA:29,6
DA:30,6
DA:31,6
DA:32,18
DA:34,3
DA:37,210480
DA:40,420960
DA:43,631440
DA:46,210480
DA:49,210480
DA:50,210480
DA:51,420960
DA:55,210480
DA:56,0
DA:59,210480
DA:60,1200
DA:63,210480
DA:64,210480
DA:67,210480
DA:70,0
DA:71,0
DA:72,0
DA:73,0
DA:78,210480
DA:81,841920
DA:82,420960
DA:83,210480
DA:84,210480
DA:85,841920
DA:90,420960
DA:91,420960
DA:92,210480
DA:93,210480
DA:94,420960
DA:97,210480
DA:98,210480
DA:99,631440
DA:100,1052400
DA:102,210480
DA:103,841920
DA:104,210480
LF:50
LH:45
end_of_record
TN:
SF:/home/runner/work/raccoon/raccoon/src/materials/nucleation_models/NucleationMicroForceBase.C
FN:9,_ZN24NucleationMicroForceBase11validParamsEv
FN:35,_ZN24NucleationMicroForceBaseC2ERK15InputParameters
FNDA:378,_ZN24NucleationMicroForceBase11validParamsEv
FNDA:9,_ZN24NucleationMicroForceBaseC2ERK15InputParameters
FNF:2
FNH:2
DA:9,378
DA:11,378
DA:12,378
DA:15,756
DA:17,756
DA:19,756
DA:21,756
DA:22,756
DA:23,756
DA:25,756
DA:26,756
DA:30,756
DA:31,756
DA:32,378
DA:35,9
DA:38,18
DA:39,18
DA:40,18
DA:41,18
DA:42,18
DA:43,18
DA:44,18
DA:45,18
DA:46,18
DA:48,9
DA:49,126
DA:51,9
LF:27
LH:27
end_of_record
TN:
SF:/home/runner/work/raccoon/raccoon/src/materials/pff_constitutive_functions/CrackGeometricFunction.C
FN:10,_ZN22CrackGeometricFunction11validParamsEv
FN:43,_ZN22CrackGeometricFunctionC2ERK15InputParameters
FN:58,_ZN22CrackGeometricFunction28computeNormalizationConstantEv
FN:97,_ZN22CrackGeometricFunction22normalizationIntegrandERKN11MetaPhysicL10DualNumberIdNS0_28SemiDynamicSparseNumberArrayIdmNS0_8NWrapperILm64EEEEELb1EEE
FN:104,_ZN22CrackGeometricFunction19computeQpPropertiesEv
FNDA:144,_ZN22CrackGeometricFunctionC2ERK15InputParameters
FNDA:14678369,_ZN22CrackGeometricFunction19computeQpPropertiesEv
FNDA:144,_ZN22CrackGeometricFunction28computeNormalizationConstantEv
FNDA:11539920,_ZN22CrackGeometricFunction22normalizationIntegrandERKN11MetaPhysicL10DualNumberIdNS0_28SemiDynamicSparseNumberArrayIdmNS0_8NWrapperILm64EEEEELb1EEE
FNDA:314,_ZN22CrackGeometricFunction11validParamsEv
FNF:5
FNH:5
DA:10,314
DA:12,314
DA:13,314
DA:18,314
DA:19,628
DA:21,314
DA:22,314
DA:24,628
DA:29,628
DA:34,628
DA:35,628
DA:36,628
DA:37,628
DA:40,314
DA:43,144
DA:45,144
DA:46,288
DA:47,288
DA:48,144
DA:49,864
DA:52,144
DA:53,144
DA:54,144
DA:55,144
DA:58,144
DA:62,144
DA:63,144
DA:64,144
DA:66,2308128
DA:68,2307984
DA:71,2307984
DA:72,2307984
DA:73,2307984
DA:75,2307984
DA:77,2307984
DA:78,2307984
DA:80,2307984
DA:86,1153920
DA:89,2307984
DA:90,0
DA:93,144
DA:97,11539920
DA:99,11539920
DA:100,11539920
DA:104,14678369
DA:106,14678369
DA:107,14678369
DA:109,14678369
DA:110,14678369
LF:49
LH:48
end_of_record
TN:
SF:/home/runner/work/raccoon/raccoon/src/materials/pff_constitutive_functions/CustomParsedFunctionBase.C
FN:8,_ZN24CustomParsedFunctionBase11validParamsEv
FN:24,_ZN24CustomParsedFunctionBaseC2ERK15InputParameters
FNDA:912,_ZN24CustomParsedFunctionBase11validParamsEv
FNDA:318,_ZN24CustomParsedFunctionBaseC2ERK15InputParameters
FNF:2
FNH:2
DA:8,912
DA:10,912
DA:11,1824
DA:12,912
DA:13,912
DA:15,912
DA:16,912
DA:17,912
DA:19,912
DA:21,912
DA:24,318
DA:29,2544
DA:32,318
DA:36,318
DA:37,0
DA:38,318
LF:16
LH:15
end_of_record
TN:
SF:/home/runner/work/raccoon/raccoon/src/materials/pff_constitutive_functions/DegradationFunctionBase.C
FN:8,_ZN23DegradationFunctionBase11validParamsEv
FN:20,_ZN23DegradationFunctionBaseC2ERK15InputParameters
FNDA:174,_ZN23DegradationFunctionBaseC2ERK15InputParameters
FNDA:598,_ZN23DegradationFunctionBase11validParamsEv
FNF:2
FNH:2
DA:8,598
DA:10,598
DA:12,598
DA:13,1196
DA:15,598
DA:16,598
DA:17,598
DA:20,174
DA:21,174
DA:23,174
LF:10
LH:10
end_of_record
TN:
SF:/home/runner/work/raccoon/raccoon/src/materials/pff_constitutive_functions/NoDegradation.C
FN:10,_ZN13NoDegradation11validParamsEv
FN:20,_ZN13NoDegradationC2ERK15InputParameters
FNDA:21,_ZN13NoDegradationC2ERK15InputParameters
FNDA:150,_ZN13NoDegradation11validParamsEv
FNF:2
FNH:2
DA:10,150
DA:12,150
DA:13,150
DA:15,150
DA:17,150
DA:20,21
DA:21,21
DA:23,21
LF:8
LH:8
end_of_record
TN:
SF:/home/runner/work/raccoon/raccoon/src/materials/pff_constitutive_functions/PowerDegradationFunction.C
FN:10,_ZN24PowerDegradationFunction11validParamsEv
FN:21,_ZN24PowerDegradationFunctionC2ERK15InputParameters
FNDA:170,_ZN24PowerDegradationFunction11validParamsEv
FNDA:36,_ZN24PowerDegradationFunctionC2ERK15InputParameters
FNF:2
FNH:2
DA:10,170
DA:12,170
DA:13,170
DA:16,170
DA:17,680
DA:18,170
DA:21,36
DA:22,36
DA:24,36
LF:9
LH:9
end_of_record
TN:
SF:/home/runner/work/raccoon/raccoon/src/materials/pff_constitutive_functions/RationalDegradationFunction.C
FN:10,_ZN27RationalDegradationFunction11validParamsEv
FN:27,_ZN27RationalDegradationFunctionC2ERK15InputParameters
FNDA:117,_ZN27RationalDegradationFunctionC2ERK15InputParameters
FNDA:278,_ZN27RationalDegradationFunction11validParamsEv
FNF:2
FNH:2
DA:10,278
DA:12,278
DA:13,278
DA:20,278
DA:22,1668
DA:23,1946
DA:24,278
DA:27,117
DA:28,117
DA:30,117
LF:10
LH:10
end_of_record
TN:
SF:/home/runner/work/raccoon/raccoon/src/materials/small_deformation_models/ComputeSmallDeformationStress.C
FN:12,_ZN29ComputeSmallDeformationStress11validParamsEv
FN:27,_ZN29ComputeSmallDeformationStressC2ERK15InputParameters
FN:38,_ZN29ComputeSmallDeformationStress12initialSetupEv
FN:56,_ZN29ComputeSmallDeformationStress24initQpStatefulPropertiesEv
FN:62,_ZN29ComputeSmallDeformationStress19computeQpPropertiesEv
FNDA:198,_ZN29ComputeSmallDeformationStress11validParamsEv
FNDA:57,_ZN29ComputeSmallDeformationStressC2ERK15InputParameters
FNDA:57,_ZN29ComputeSmallDeformationStress12initialSetupEv
FNDA:9442572,_ZN29ComputeSmallDeformationStress19computeQpPropertiesEv
FNDA:0,_ZN29ComputeSmallDeformationStress24initQpStatefulPropertiesEv
FNF:5
FNH:4
DA:12,198
DA:14,198
DA:15,198
DA:16,198
DA:19,396
DA:21,396
DA:23,198
DA:24,198
DA:27,57
DA:30,114
DA:31,171
DA:33,114
DA:34,0
DA:35,57
DA:38,57
DA:40,57
DA:41,57
DA:42,57
DA:43,0
DA:44,0
DA:47,57
DA:48,57
DA:49,63
DA:51,57
DA:52,6
DA:53,57
DA:56,0
DA:58,0
DA:59,0
DA:62,9442572
DA:64,9442572
DA:65,9442572
DA:66,9442572
LF:33
LH:27
end_of_record
TN:
SF:/home/runner/work/raccoon/raccoon/src/materials/small_deformation_models/SmallDeformationElasticityModel.C
FN:9,_ZN31SmallDeformationElasticityModel11validParamsEv
FN:20,_ZN31SmallDeformationElasticityModelC2ERK15InputParameters
FN:29,_ZN31SmallDeformationElasticityModel5setQpEj
FN:37,_ZN31SmallDeformationElasticityModel18setPlasticityModelEP31SmallDeformationPlasticityModel
FN:45,_ZN31SmallDeformationElasticityModel24initQpStatefulPropertiesEv
FN:51,_ZN31SmallDeformationElasticityModel11updateStateERK18RankTwoTensorTemplIN11MetaPhysicL10DualNumberIdNS1_28SemiDynamicSparseNumberArrayIdmNS1_8NWrapperILm64EEEEELb1EEEERS8_
FNDA:6,_ZN31SmallDeformationElasticityModel18setPlasticityModelEP31SmallDeformationPlasticityModel
FNDA:9442572,_ZN31SmallDeformationElasticityModel5setQpEj
FNDA:198,_ZN31SmallDeformationElasticityModel11validParamsEv
FNDA:0,_ZN31SmallDeformationElasticityModel24initQpStatefulPropertiesEv
FNDA:57,_ZN31SmallDeformationElasticityModelC2ERK15InputParameters
FNDA:9442572,_ZN31SmallDeformationElasticityModel11updateStateERK18RankTwoTensorTemplIN11MetaPhysicL10DualNumberIdNS1_28SemiDynamicSparseNumberArrayIdmNS1_8NWrapperILm64EEEEELb1EEEERS8_
FNF:6
FNH:5
DA:9,198
DA:11,198
DA:12,198
DA:14,198
DA:15,198
DA:17,198
DA:20,57
DA:24,57
DA:26,57
DA:29,9442572
DA:31,9442572
DA:32,9442572
DA:33,123792
DA:34,9442572
DA:37,6
DA:40,6
DA:41,6
DA:42,6
DA:45,0
DA:47,0
DA:48,0
DA:51,9442572
DA:54,9442572
DA:56,9442572
DA:57,123792
DA:59,9318780
DA:60,9442572
LF:27
LH:24
end_of_record
TN:
SF:/home/runner/work/raccoon/raccoon/src/materials/small_deformation_models/SmallDeformationIsotropicElasticity.C
FN:11,_ZN35SmallDeformationIsotropicElasticity11validParamsEv
FN:31,_ZN35SmallDeformationIsotropicElasticityC2ERK15InputParameters
FN:56,_ZN35SmallDeformationIsotropicElasticity13computeStressERK18RankTwoTensorTemplIN11MetaPhysicL10DualNumberIdNS1_28SemiDynamicSparseNumberArrayIdmNS1_8NWrapperILm64EEEEELb1EEEE
FN:73,_ZN35SmallDeformationIsotropicElasticity28computeStressNoDecompositionERK18RankTwoTensorTemplIN11MetaPhysicL10DualNumberIdNS1_28SemiDynamicSparseNumberArrayIdmNS1_8NWrapperILm64EEEEELb1EEEE
FN:87,_ZN35SmallDeformationIsotropicElasticity34computeStressSpectralDecompositionERK18RankTwoTensorTemplIN11MetaPhysicL10DualNumberIdNS1_28SemiDynamicSparseNumberArrayIdmNS1_8NWrapperILm64EEEEELb1EEEE
FN:117,_ZN35SmallDeformationIsotropicElasticity32computeStressVolDevDecompositionERK18RankTwoTensorTemplIN11MetaPhysicL10DualNumberIdNS1_28SemiDynamicSparseNumberArrayIdmNS1_8NWrapperILm64EEEEELb1EEEE
FNDA:9691350,_ZN35SmallDeformationIsotropicElasticity13computeStressERK18RankTwoTensorTemplIN11MetaPhysicL10DualNumberIdNS1_28SemiDynamicSparseNumberArrayIdmNS1_8NWrapperILm64EEEEELb1EEEE
FNDA:198,_ZN35SmallDeformationIsotropicElasticity11validParamsEv
FNDA:7721266,_ZN35SmallDeformationIsotropicElasticity28computeStressNoDecompositionERK18RankTwoTensorTemplIN11MetaPhysicL10DualNumberIdNS1_28SemiDynamicSparseNumberArrayIdmNS1_8NWrapperILm64EEEEELb1EEEE
FNDA:1582772,_ZN35SmallDeformationIsotropicElasticity34computeStressSpectralDecompositionERK18RankTwoTensorTemplIN11MetaPhysicL10DualNumberIdNS1_28SemiDynamicSparseNumberArrayIdmNS1_8NWrapperILm64EEEEELb1EEEE
FNDA:387312,_ZN35SmallDeformationIsotropicElasticity32computeStressVolDevDecompositionERK18RankTwoTensorTemplIN11MetaPhysicL10DualNumberIdNS1_28SemiDynamicSparseNumberArrayIdmNS1_8NWrapperILm64EEEEELb1EEEE
FNDA:57,_ZN35SmallDeformationIsotropicElasticityC2ERK15InputParameters
FNF:6
FNH:6
DA:11,198
DA:13,198
DA:14,198
DA:16,396
DA:17,396
DA:19,396
DA:20,396
DA:24,396
DA:25,396
DA:26,396
DA:28,198
DA:31,57
DA:32,57
DA:35,114
DA:36,114
DA:38,114
DA:42,57
DA:43,57
DA:44,171
DA:48,57
DA:49,171
DA:51,741
DA:53,57
DA:56,9691350
DA:58,9691350
DA:60,9691350
DA:61,7721266
DA:62,1970084
DA:63,1582772
DA:64,387312
DA:65,387312
DA:67,0
DA:69,9691350
DA:73,7721266
DA:75,7721266
DA:76,30885064
DA:77,7721266
DA:79,15442532
DA:80,15442532
DA:81,15442532
DA:83,7721266
DA:87,1582772
DA:90,3165544
DA:91,1582772
DA:92,1582772
DA:93,1582772
DA:96,1582772
DA:99,6331088
DA:100,4748316
DA:101,1582772
DA:102,1582772
DA:106,3165544
DA:107,3165544
DA:108,3165544
DA:109,1582772
DA:110,3165544
DA:111,3165544
DA:113,1582772
DA:117,387312
DA:120,387312
DA:123,387312
DA:124,387312
DA:126,387312
DA:129,1549248
DA:130,774624
DA:131,387312
DA:132,387312
DA:136,774624
DA:137,774624
DA:138,387312
DA:139,774624
DA:140,774624
DA:142,387312
LF:73
LH:72
end_of_record
TN:
SF:/home/runner/work/raccoon/raccoon/src/materials/small_deformation_models/SmallDeformationJ2Plasticity.C
FN:10,_ZN28SmallDeformationJ2Plasticity11validParamsEv
FN:18,_ZN28SmallDeformationJ2PlasticityC2ERK15InputParameters
FN:24,_ZN28SmallDeformationJ2Plasticity11updateStateER18RankTwoTensorTemplIN11MetaPhysicL10DualNumberIdNS1_28SemiDynamicSparseNumberArrayIdmNS1_8NWrapperILm64EEEEELb1EEEES9_
FN:55,_ZN28SmallDeformationJ2Plasticity24computeReferenceResidualERKN11MetaPhysicL10DualNumberIdNS0_28SemiDynamicSparseNumberArrayIdmNS0_8NWrapperILm64EEEEELb1EEES8_
FN:64,_ZN28SmallDeformationJ2Plasticity15computeResidualERKN11MetaPhysicL10DualNumberIdNS0_28SemiDynamicSparseNumberArrayIdmNS0_8NWrapperILm64EEEEELb1EEES8_
FN:73,_ZN28SmallDeformationJ2Plasticity17computeDerivativeERKN11MetaPhysicL10DualNumberIdNS0_28SemiDynamicSparseNumberArrayIdmNS0_8NWrapperILm64EEEEELb1EEES8_
FNDA:124190,_ZN28SmallDeformationJ2Plasticity15computeResidualERKN11MetaPhysicL10DualNumberIdNS0_28SemiDynamicSparseNumberArrayIdmNS0_8NWrapperILm64EEEEELb1EEES8_
FNDA:130,_ZN28SmallDeformationJ2Plasticity11validParamsEv
FNDA:398,_ZN28SmallDeformationJ2Plasticity24computeReferenceResidualERKN11MetaPhysicL10DualNumberIdNS0_28SemiDynamicSparseNumberArrayIdmNS0_8NWrapperILm64EEEEELb1EEES8_
FNDA:6,_ZN28SmallDeformationJ2PlasticityC2ERK15InputParameters
FNDA:398,_ZN28SmallDeformationJ2Plasticity17computeDerivativeERKN11MetaPhysicL10DualNumberIdNS0_28SemiDynamicSparseNumberArrayIdmNS0_8NWrapperILm64EEEEELb1EEES8_
FNDA:123792,_ZN28SmallDeformationJ2Plasticity11updateStateER18RankTwoTensorTemplIN11MetaPhysicL10DualNumberIdNS1_28SemiDynamicSparseNumberArrayIdmNS1_8NWrapperILm64EEEEELb1EEEES9_
FNF:6
FNH:6
DA:10,130
DA:12,130
DA:13,130
DA:15,130
DA:18,6
DA:19,6
DA:21,6
DA:24,123792
DA:28,123792
DA:29,123792
DA:30,123792
DA:34,123792
DA:35,123792
DA:36,123792
DA:37,41360
DA:38,247584
DA:39,247584
DA:42,123792
DA:43,123792
DA:44,134
DA:45,247584
DA:46,123792
DA:49,247584
DA:50,123792
DA:51,123792
DA:52,123792
DA:55,398
DA:60,1194
DA:64,124190
DA:67,124190
DA:68,372570
DA:69,372570
DA:73,398
DA:76,398
DA:77,796
LF:35
LH:35
end_of_record
TN:
SF:/home/runner/work/raccoon/raccoon/src/materials/small_deformation_models/SmallDeformationPlasticityModel.C
FN:9,_ZN31SmallDeformationPlasticityModel11validParamsEv
FN:23,_ZN31SmallDeformationPlasticityModelC2ERK15InputParameters
FN:37,_ZN31SmallDeformationPlasticityModel12initialSetupEv
FN:47,_ZN31SmallDeformationPlasticityModel5setQpEj
FN:54,_ZN31SmallDeformationPlasticityModel18setElasticityModelEP31SmallDeformationElasticityModel
FN:61,_ZN31SmallDeformationPlasticityModel24initQpStatefulPropertiesEv
FNDA:6,_ZN31SmallDeformationPlasticityModel18setElasticityModelEP31SmallDeformationElasticityModel
FNDA:130,_ZN31SmallDeformationPlasticityModel11validParamsEv
FNDA:6,_ZN31SmallDeformationPlasticityModelC2ERK15InputParameters
FNDA:11508,_ZN31SmallDeformationPlasticityModel24initQpStatefulPropertiesEv
FNDA:6,_ZN31SmallDeformationPlasticityModel12initialSetupEv
FNDA:123792,_ZN31SmallDeformationPlasticityModel5setQpEj
FNF:6
FNH:6
DA:9,130
DA:11,130
DA:12,130
DA:13,130
DA:15,260
DA:17,130
DA:18,130
DA:20,130
DA:23,6
DA:27,12
DA:29,12
DA:30,12
DA:31,12
DA:32,36
DA:34,6
DA:37,6
DA:39,6
DA:40,6
DA:41,0
DA:42,0
DA:43,0
DA:44,6
DA:47,123792
DA:49,123792
DA:50,123792
DA:51,123792
DA:54,6
DA:57,6
DA:58,6
DA:61,11508
DA:63,11508
DA:64,11508
DA:65,11508
LF:33
LH:30
end_of_record
TN:
SF:/home/runner/work/raccoon/raccoon/src/postprocessors/ExternalWork.C
FN:10,_ZN12ExternalWork11validParamsEv
FN:25,_ZN12ExternalWorkC2ERK15InputParameters
FN:42,_ZN12ExternalWork10initializeEv
FN:48,_ZN12ExternalWork7executeEv
FN:54,_ZN12ExternalWork14computeQpValueEv
FN:63,_ZNK12ExternalWork8getValueEv
FN:69,_ZN12ExternalWork8finalizeEv
FN:75,_ZN12ExternalWork10threadJoinERK10UserObject
FNDA:200,_ZNK12ExternalWork8getValueEv
FNDA:0,_ZN12ExternalWork10threadJoinERK10UserObject
FNDA:1,_ZN12ExternalWorkC2ERK15InputParameters
FNDA:200,_ZN12ExternalWork8finalizeEv
FNDA:800,_ZN12ExternalWork7executeEv
FNDA:800,_ZN12ExternalWork14computeQpValueEv
FNDA:200,_ZN12ExternalWork10initializeEv
FNDA:124,_ZN12ExternalWork11validParamsEv
FNF:8
FNH:7
DA:10,124
DA:12,124
DA:13,124
DA:17,248
DA:19,248
DA:22,124
DA:25,1
DA:28,1
DA:30,1
DA:32,5
DA:34,1
DA:35,0
DA:37,1
DA:38,0
DA:39,1
DA:42,200
DA:44,200
DA:45,200
DA:48,800
DA:50,800
DA:51,800
DA:54,800
DA:56,800
DA:57,800
DA:59,800
DA:63,200
DA:65,200
DA:69,200
DA:71,200
DA:72,200
DA:75,0
DA:78,0
DA:79,0
LF:33
LH:28
end_of_record
TN:
SF:/home/runner/work/raccoon/raccoon/src/postprocessors/KineticEnergy.C
FN:10,_ZN13KineticEnergy11validParamsEv
FN:25,_ZN13KineticEnergyC2ERK15InputParameters
FN:37,_ZN13KineticEnergy17computeQpIntegralEv
FNDA:0,_ZN13KineticEnergyC2ERK15InputParameters
FNDA:0,_ZN13KineticEnergy17computeQpIntegralEv
FNDA:122,_ZN13KineticEnergy11validParamsEv
FNF:3
FNH:1
DA:10,122
DA:12,122
DA:13,122
DA:14,122
DA:18,244
DA:20,244
DA:22,122
DA:25,0
DA:28,0
DA:29,0
DA:30,0
DA:32,0
DA:33,0
DA:34,0
DA:37,0
DA:39,0
DA:40,0
LF:17
LH:7
end_of_record
TN:
SF:/home/runner/work/raccoon/raccoon/src/postprocessors/LargeDeformationJIntegral.C
FN:10,_ZN25LargeDeformationJIntegral11validParamsEv
FN:23,_ZN25LargeDeformationJIntegralC2ERK15InputParameters
FN:35,_ZN25LargeDeformationJIntegral17computeQpIntegralEv
FNDA:0,_ZN25LargeDeformationJIntegral17computeQpIntegralEv
FNDA:122,_ZN25LargeDeformationJIntegral11validParamsEv
FNDA:0,_ZN25LargeDeformationJIntegralC2ERK15InputParameters
FNF:3
FNH:1
DA:10,122
DA:12,122
DA:13,122
DA:14,122
DA:17,244
DA:18,244
DA:20,122
DA:23,0
DA:26,0
DA:27,0
DA:29,0
DA:30,0
DA:32,0
DA:35,0
DA:37,0
DA:38,0
DA:39,0
DA:40,0
DA:41,0
LF:19
LH:7
end_of_record
TN:
SF:/home/runner/work/raccoon/raccoon/src/postprocessors/PhaseFieldJIntegral.C
FN:10,_ZN19PhaseFieldJIntegral11validParamsEv
FN:25,_ZN19PhaseFieldJIntegralC2ERK15InputParameters
FN:40,_ZN19PhaseFieldJIntegral17computeQpIntegralEv
FNDA:3,_ZN19PhaseFieldJIntegralC2ERK15InputParameters
FNDA:128,_ZN19PhaseFieldJIntegral11validParamsEv
FNDA:6888,_ZN19PhaseFieldJIntegral17computeQpIntegralEv
FNF:3
FNH:3
DA:10,128
DA:12,128
DA:13,128
DA:14,128
DA:15,256
DA:16,256
DA:19,256
DA:22,128
DA:25,3
DA:28,6
DA:29,6
DA:30,3
DA:32,18
DA:35,6
DA:36,3
DA:37,3
DA:40,6888
DA:43,6888
DA:44,6888
DA:45,13776
DA:46,6888
DA:47,6888
LF:22
LH:22
end_of_record
TN:
SF:/home/runner/work/raccoon/raccoon/src/postprocessors/SolutionChangeNorm.C
FN:11,_ZN18SolutionChangeNorm11validParamsEv
FN:21,_ZN18SolutionChangeNormC2ERK15InputParameters
FN:29,_ZNK18SolutionChangeNorm8getValueEv
FN:35,_ZN18SolutionChangeNorm17computeQpIntegralEv
FNDA:124,_ZN18SolutionChangeNorm11validParamsEv
FNDA:1560000,_ZN18SolutionChangeNorm17computeQpIntegralEv
FNDA:39,_ZNK18SolutionChangeNorm8getValueEv
FNDA:1,_ZN18SolutionChangeNormC2ERK15InputParameters
FNF:4
FNH:4
DA:11,124
DA:13,124
DA:14,124
DA:16,248
DA:18,124
DA:21,1
DA:24,2
DA:26,1
DA:29,39
DA:31,39
DA:35,1560000
DA:38,3120000
DA:39,1560000
DA:40,1560000
LF:14
LH:14
end_of_record
TN:
SF:/home/runner/work/raccoon/raccoon/src/utils/RaccoonUtils.C
FN:14,_ZN12RaccoonUtils8MacaulayEN11MetaPhysicL10DualNumberIdNS0_28SemiDynamicSparseNumberArrayIdmNS0_8NWrapperILm64EEEEELb1EEEb
FN:22,_ZN12RaccoonUtils8MacaulayERKSt6vectorIN11MetaPhysicL10DualNumberIdNS1_28SemiDynamicSparseNumberArrayIdmNS1_8NWrapperILm64EEEEELb1EEESaIS7_EEb
FN:31,_ZN12RaccoonUtils21spectralDecompositionERK18RankTwoTensorTemplIN11MetaPhysicL10DualNumberIdNS1_28SemiDynamicSparseNumberArrayIdmNS1_8NWrapperILm64EEEEELb1EEEE
FN:43,_ZN12RaccoonUtils3logERK18RankTwoTensorTemplIN11MetaPhysicL10DualNumberIdNS1_28SemiDynamicSparseNumberArrayIdmNS1_8NWrapperILm64EEEEELb1EEEE
FN:55,_ZN12RaccoonUtils3expERK18RankTwoTensorTemplIN11MetaPhysicL10DualNumberIdNS1_28SemiDynamicSparseNumberArrayIdmNS1_8NWrapperILm64EEEEELb1EEEE
FNDA:6718400,_ZN12RaccoonUtils8MacaulayEN11MetaPhysicL10DualNumberIdNS0_28SemiDynamicSparseNumberArrayIdmNS0_8NWrapperILm64EEEEELb1EEEb
FNDA:1582772,_ZN12RaccoonUtils21spectralDecompositionERK18RankTwoTensorTemplIN11MetaPhysicL10DualNumberIdNS1_28SemiDynamicSparseNumberArrayIdmNS1_8NWrapperILm64EEEEELb1EEEE
FNDA:1582772,_ZN12RaccoonUtils8MacaulayERKSt6vectorIN11MetaPhysicL10DualNumberIdNS1_28SemiDynamicSparseNumberArrayIdmNS1_8NWrapperILm64EEEEELb1EEESaIS7_EEb
FNDA:214040,_ZN12RaccoonUtils3expERK18RankTwoTensorTemplIN11MetaPhysicL10DualNumberIdNS1_28SemiDynamicSparseNumberArrayIdmNS1_8NWrapperILm64EEEEELb1EEEE
FNDA:472360,_ZN12RaccoonUtils3logERK18RankTwoTensorTemplIN11MetaPhysicL10DualNumberIdNS1_28SemiDynamicSparseNumberArrayIdmNS1_8NWrapperILm64EEEEELb1EEEE
FNF:5
FNH:5
DA:14,6718400
DA:16,6718400
DA:17,0
DA:18,20155200
DA:22,1582772
DA:24,1582772
DA:25,6331088
DA:26,4748316
DA:27,1582772
DA:31,1582772
DA:33,1582772
DA:34,1582772
DA:35,1582772
DA:37,1582772
DA:38,1582772
DA:39,1582772
DA:43,472360
DA:46,472360
DA:47,472360
DA:48,1889440
DA:49,1417080
DA:50,472360
DA:51,472360
DA:55,214040
DA:58,214040
DA:59,214040
DA:60,856160
DA:61,642120
DA:62,214040
DA:63,214040
LF:30
LH:29
end_of_record
